[2024-10-07T20:56:17.704-0300] {local_task_job_runner.py:120} INFO - ::group::Pre task execution logs
[2024-10-07T20:56:17.740-0300] {taskinstance.py:2076} INFO - Dependencies all met for dep_context=non-requeueable deps ti=<TaskInstance: monitoring_v1.preprocessvalues manual__2024-10-07T23:56:15.181274+00:00 [queued]>
[2024-10-07T20:56:17.750-0300] {taskinstance.py:2076} INFO - Dependencies all met for dep_context=requeueable deps ti=<TaskInstance: monitoring_v1.preprocessvalues manual__2024-10-07T23:56:15.181274+00:00 [queued]>
[2024-10-07T20:56:17.751-0300] {taskinstance.py:2306} INFO - Starting attempt 1 of 2
[2024-10-07T20:56:17.770-0300] {taskinstance.py:2330} INFO - Executing <Task(_PythonVirtualenvDecoratedOperator): preprocessvalues> on 2024-10-07 23:56:15.181274+00:00
[2024-10-07T20:56:17.780-0300] {standard_task_runner.py:90} INFO - Running: ['***', 'tasks', 'run', 'monitoring_v1', 'preprocessvalues', 'manual__2024-10-07T23:56:15.181274+00:00', '--job-id', '10', '--raw', '--subdir', 'DAGS_FOLDER/Predict/monitor_maintain_dag_v1.py', '--cfg-path', '/tmp/tmp1vtgl66g']
[2024-10-07T20:56:17.780-0300] {warnings.py:110} WARNING - /home/***/.local/lib/python3.12/site-packages/***/task/task_runner/standard_task_runner.py:61: DeprecationWarning: This process (pid=70) is multi-threaded, use of fork() may lead to deadlocks in the child.
  pid = os.fork()

[2024-10-07T20:56:17.782-0300] {standard_task_runner.py:91} INFO - Job 10: Subtask preprocessvalues
[2024-10-07T20:56:17.782-0300] {standard_task_runner.py:63} INFO - Started process 71 to run task
[2024-10-07T20:56:17.840-0300] {task_command.py:426} INFO - Running <TaskInstance: monitoring_v1.preprocessvalues manual__2024-10-07T23:56:15.181274+00:00 [running]> on host 4a07270c49a4
[2024-10-07T20:56:17.940-0300] {taskinstance.py:2648} INFO - Exporting env vars: AIRFLOW_CTX_DAG_OWNER='***' AIRFLOW_CTX_DAG_ID='monitoring_v1' AIRFLOW_CTX_TASK_ID='preprocessvalues' AIRFLOW_CTX_EXECUTION_DATE='2024-10-07T23:56:15.181274+00:00' AIRFLOW_CTX_TRY_NUMBER='1' AIRFLOW_CTX_DAG_RUN_ID='manual__2024-10-07T23:56:15.181274+00:00'
[2024-10-07T20:56:17.941-0300] {taskinstance.py:430} INFO - ::endgroup::
[2024-10-07T20:56:17.945-0300] {process_utils.py:183} INFO - Executing cmd: /home/***/.local/bin/python -m virtualenv /tmp/venvy2wbhzvy --python=python
[2024-10-07T20:56:17.948-0300] {process_utils.py:187} INFO - Output:
[2024-10-07T20:56:18.877-0300] {process_utils.py:191} INFO - created virtual environment CPython3.12.3.final.0-64 in 394ms
[2024-10-07T20:56:18.878-0300] {process_utils.py:191} INFO -   creator CPython3Posix(dest=/tmp/venvy2wbhzvy, clear=False, no_vcs_ignore=False, global=False)
[2024-10-07T20:56:18.878-0300] {process_utils.py:191} INFO -   seeder FromAppData(download=False, pip=bundle, via=copy, app_data_dir=/home/***/.local/share/virtualenv)
[2024-10-07T20:56:18.879-0300] {process_utils.py:191} INFO -     added seed packages: pip==24.2
[2024-10-07T20:56:18.880-0300] {process_utils.py:191} INFO -   activators BashActivator,CShellActivator,FishActivator,NushellActivator,PowerShellActivator,PythonActivator
[2024-10-07T20:56:18.918-0300] {process_utils.py:183} INFO - Executing cmd: /tmp/venvy2wbhzvy/bin/pip install -r /tmp/venvy2wbhzvy/requirements.txt
[2024-10-07T20:56:18.920-0300] {process_utils.py:187} INFO - Output:
[2024-10-07T20:56:20.485-0300] {process_utils.py:191} INFO - Collecting joblib (from -r /tmp/venvy2wbhzvy/requirements.txt (line 1))
[2024-10-07T20:56:20.489-0300] {process_utils.py:191} INFO -   Using cached joblib-1.4.2-py3-none-any.whl.metadata (5.4 kB)
[2024-10-07T20:56:20.728-0300] {process_utils.py:191} INFO - Collecting numpy (from -r /tmp/venvy2wbhzvy/requirements.txt (line 2))
[2024-10-07T20:56:20.731-0300] {process_utils.py:191} INFO -   Using cached numpy-2.1.2-cp312-cp312-manylinux_2_17_x86_64.manylinux2014_x86_64.whl.metadata (60 kB)
[2024-10-07T20:56:20.931-0300] {process_utils.py:191} INFO - Collecting pandas (from -r /tmp/venvy2wbhzvy/requirements.txt (line 3))
[2024-10-07T20:56:20.934-0300] {process_utils.py:191} INFO -   Using cached pandas-2.2.3-cp312-cp312-manylinux_2_17_x86_64.manylinux2014_x86_64.whl.metadata (89 kB)
[2024-10-07T20:56:21.090-0300] {process_utils.py:191} INFO - Collecting scikit-learn (from -r /tmp/venvy2wbhzvy/requirements.txt (line 4))
[2024-10-07T20:56:21.093-0300] {process_utils.py:191} INFO -   Using cached scikit_learn-1.5.2-cp312-cp312-manylinux_2_17_x86_64.manylinux2014_x86_64.whl.metadata (13 kB)
[2024-10-07T20:56:21.139-0300] {process_utils.py:191} INFO - Collecting python-dateutil>=2.8.2 (from pandas->-r /tmp/venvy2wbhzvy/requirements.txt (line 3))
[2024-10-07T20:56:21.142-0300] {process_utils.py:191} INFO -   Using cached python_dateutil-2.9.0.post0-py2.py3-none-any.whl.metadata (8.4 kB)
[2024-10-07T20:56:21.210-0300] {process_utils.py:191} INFO - Collecting pytz>=2020.1 (from pandas->-r /tmp/venvy2wbhzvy/requirements.txt (line 3))
[2024-10-07T20:56:21.213-0300] {process_utils.py:191} INFO -   Using cached pytz-2024.2-py2.py3-none-any.whl.metadata (22 kB)
[2024-10-07T20:56:21.245-0300] {process_utils.py:191} INFO - Collecting tzdata>=2022.7 (from pandas->-r /tmp/venvy2wbhzvy/requirements.txt (line 3))
[2024-10-07T20:56:21.247-0300] {process_utils.py:191} INFO -   Using cached tzdata-2024.2-py2.py3-none-any.whl.metadata (1.4 kB)
[2024-10-07T20:56:21.406-0300] {process_utils.py:191} INFO - Collecting scipy>=1.6.0 (from scikit-learn->-r /tmp/venvy2wbhzvy/requirements.txt (line 4))
[2024-10-07T20:56:21.408-0300] {process_utils.py:191} INFO -   Using cached scipy-1.14.1-cp312-cp312-manylinux_2_17_x86_64.manylinux2014_x86_64.whl.metadata (60 kB)
[2024-10-07T20:56:21.452-0300] {process_utils.py:191} INFO - Collecting threadpoolctl>=3.1.0 (from scikit-learn->-r /tmp/venvy2wbhzvy/requirements.txt (line 4))
[2024-10-07T20:56:21.455-0300] {process_utils.py:191} INFO -   Using cached threadpoolctl-3.5.0-py3-none-any.whl.metadata (13 kB)
[2024-10-07T20:56:21.484-0300] {process_utils.py:191} INFO - Collecting six>=1.5 (from python-dateutil>=2.8.2->pandas->-r /tmp/venvy2wbhzvy/requirements.txt (line 3))
[2024-10-07T20:56:21.487-0300] {process_utils.py:191} INFO -   Using cached six-1.16.0-py2.py3-none-any.whl.metadata (1.8 kB)
[2024-10-07T20:56:21.505-0300] {process_utils.py:191} INFO - Using cached joblib-1.4.2-py3-none-any.whl (301 kB)
[2024-10-07T20:56:21.509-0300] {process_utils.py:191} INFO - Using cached numpy-2.1.2-cp312-cp312-manylinux_2_17_x86_64.manylinux2014_x86_64.whl (16.0 MB)
[2024-10-07T20:56:21.590-0300] {process_utils.py:191} INFO - Using cached pandas-2.2.3-cp312-cp312-manylinux_2_17_x86_64.manylinux2014_x86_64.whl (12.7 MB)
[2024-10-07T20:56:21.634-0300] {process_utils.py:191} INFO - Using cached scikit_learn-1.5.2-cp312-cp312-manylinux_2_17_x86_64.manylinux2014_x86_64.whl (12.9 MB)
[2024-10-07T20:56:21.695-0300] {process_utils.py:191} INFO - Using cached python_dateutil-2.9.0.post0-py2.py3-none-any.whl (229 kB)
[2024-10-07T20:56:21.699-0300] {process_utils.py:191} INFO - Using cached pytz-2024.2-py2.py3-none-any.whl (508 kB)
[2024-10-07T20:56:21.706-0300] {process_utils.py:191} INFO - Using cached scipy-1.14.1-cp312-cp312-manylinux_2_17_x86_64.manylinux2014_x86_64.whl (40.8 MB)
[2024-10-07T20:56:21.889-0300] {process_utils.py:191} INFO - Using cached threadpoolctl-3.5.0-py3-none-any.whl (18 kB)
[2024-10-07T20:56:21.892-0300] {process_utils.py:191} INFO - Using cached tzdata-2024.2-py2.py3-none-any.whl (346 kB)
[2024-10-07T20:56:21.896-0300] {process_utils.py:191} INFO - Using cached six-1.16.0-py2.py3-none-any.whl (11 kB)
[2024-10-07T20:56:22.090-0300] {process_utils.py:191} INFO - Installing collected packages: pytz, tzdata, threadpoolctl, six, numpy, joblib, scipy, python-dateutil, scikit-learn, pandas
[2024-10-07T20:56:38.337-0300] {process_utils.py:191} INFO - Successfully installed joblib-1.4.2 numpy-2.1.2 pandas-2.2.3 python-dateutil-2.9.0.post0 pytz-2024.2 scikit-learn-1.5.2 scipy-1.14.1 six-1.16.0 threadpoolctl-3.5.0 tzdata-2024.2
[2024-10-07T20:56:39.056-0300] {process_utils.py:183} INFO - Executing cmd: /tmp/venvy2wbhzvy/bin/python /tmp/venv-callnufgaw70/script.py /tmp/venv-callnufgaw70/script.in /tmp/venv-callnufgaw70/script.out /tmp/venv-callnufgaw70/string_args.txt /tmp/venv-callnufgaw70/termination.log
[2024-10-07T20:56:39.057-0300] {process_utils.py:187} INFO - Output:
[2024-10-07T20:56:39.141-0300] {process_utils.py:191} INFO - Traceback (most recent call last):
[2024-10-07T20:56:39.142-0300] {process_utils.py:191} INFO -   File "/tmp/venv-callnufgaw70/script.py", line 62, in <module>
[2024-10-07T20:56:39.143-0300] {process_utils.py:191} INFO -     res = task_preprocess(*arg_dict["args"], **arg_dict["kwargs"])
[2024-10-07T20:56:39.144-0300] {process_utils.py:191} INFO -           ^^^^^^^^^^^^^^^^^^^^^^^^^^^^^^^^^^^^^^^^^^^^^^^^^^^^^^^^
[2024-10-07T20:56:39.145-0300] {process_utils.py:191} INFO - TypeError: task_preprocess() missing 1 required positional argument: 'ti'
[2024-10-07T20:56:39.586-0300] {taskinstance.py:441} INFO - ::group::Post task execution logs
[2024-10-07T20:56:39.599-0300] {taskinstance.py:2905} ERROR - Task failed with exception
Traceback (most recent call last):
  File "/home/airflow/.local/lib/python3.12/site-packages/airflow/models/taskinstance.py", line 465, in _execute_task
    result = _execute_callable(context=context, **execute_callable_kwargs)
             ^^^^^^^^^^^^^^^^^^^^^^^^^^^^^^^^^^^^^^^^^^^^^^^^^^^^^^^^^^^^^
  File "/home/airflow/.local/lib/python3.12/site-packages/airflow/models/taskinstance.py", line 432, in _execute_callable
    return execute_callable(context=context, **execute_callable_kwargs)
           ^^^^^^^^^^^^^^^^^^^^^^^^^^^^^^^^^^^^^^^^^^^^^^^^^^^^^^^^^^^^
  File "/home/airflow/.local/lib/python3.12/site-packages/airflow/models/baseoperator.py", line 400, in wrapper
    return func(self, *args, **kwargs)
           ^^^^^^^^^^^^^^^^^^^^^^^^^^^
  File "/home/airflow/.local/lib/python3.12/site-packages/airflow/decorators/base.py", line 265, in execute
    return_value = super().execute(context)
                   ^^^^^^^^^^^^^^^^^^^^^^^^
  File "/home/airflow/.local/lib/python3.12/site-packages/airflow/models/baseoperator.py", line 400, in wrapper
    return func(self, *args, **kwargs)
           ^^^^^^^^^^^^^^^^^^^^^^^^^^^
  File "/home/airflow/.local/lib/python3.12/site-packages/airflow/operators/python.py", line 437, in execute
    return super().execute(context=serializable_context)
           ^^^^^^^^^^^^^^^^^^^^^^^^^^^^^^^^^^^^^^^^^^^^^
  File "/home/airflow/.local/lib/python3.12/site-packages/airflow/models/baseoperator.py", line 400, in wrapper
    return func(self, *args, **kwargs)
           ^^^^^^^^^^^^^^^^^^^^^^^^^^^
  File "/home/airflow/.local/lib/python3.12/site-packages/airflow/operators/python.py", line 235, in execute
    return_value = self.execute_callable()
                   ^^^^^^^^^^^^^^^^^^^^^^^
  File "/home/airflow/.local/lib/python3.12/site-packages/airflow/operators/python.py", line 759, in execute_callable
    result = self._execute_python_callable_in_subprocess(python_path)
             ^^^^^^^^^^^^^^^^^^^^^^^^^^^^^^^^^^^^^^^^^^^^^^^^^^^^^^^^
  File "/home/airflow/.local/lib/python3.12/site-packages/airflow/operators/python.py", line 514, in _execute_python_callable_in_subprocess
    raise AirflowException(error_msg) from None
airflow.exceptions.AirflowException: Process returned non-zero exit status 1.
task_preprocess() missing 1 required positional argument: 'ti'
[2024-10-07T20:56:39.932-0300] {taskinstance.py:1206} INFO - Marking task as UP_FOR_RETRY. dag_id=monitoring_v1, task_id=preprocessvalues, run_id=manual__2024-10-07T23:56:15.181274+00:00, execution_date=20241007T235615, start_date=20241007T235617, end_date=20241007T235639
[2024-10-07T20:56:41.232-0300] {standard_task_runner.py:110} ERROR - Failed to execute job 10 for task preprocessvalues (Process returned non-zero exit status 1.
task_preprocess() missing 1 required positional argument: 'ti'; 71)
[2024-10-07T20:56:41.259-0300] {local_task_job_runner.py:240} INFO - Task exited with return code 1
[2024-10-07T20:56:41.288-0300] {taskinstance.py:3498} INFO - 0 downstream tasks scheduled from follow-on schedule check
[2024-10-07T20:56:41.328-0300] {local_task_job_runner.py:222} INFO - ::endgroup::
