[2024-10-07T23:23:58.943-0300] {local_task_job_runner.py:120} INFO - ::group::Pre task execution logs
[2024-10-07T23:23:58.989-0300] {taskinstance.py:2076} INFO - Dependencies all met for dep_context=non-requeueable deps ti=<TaskInstance: preprocess_predict.preprocess manual__2024-10-08T02:23:57.466114+00:00 [queued]>
[2024-10-07T23:23:59.012-0300] {taskinstance.py:2076} INFO - Dependencies all met for dep_context=requeueable deps ti=<TaskInstance: preprocess_predict.preprocess manual__2024-10-08T02:23:57.466114+00:00 [queued]>
[2024-10-07T23:23:59.014-0300] {taskinstance.py:2306} INFO - Starting attempt 1 of 1
[2024-10-07T23:23:59.047-0300] {taskinstance.py:2330} INFO - Executing <Task(_PythonVirtualenvDecoratedOperator): preprocess> on 2024-10-08 02:23:57.466114+00:00
[2024-10-07T23:23:59.065-0300] {warnings.py:110} WARNING - /home/***/.local/lib/python3.12/site-packages/***/task/task_runner/standard_task_runner.py:61: DeprecationWarning: This process (pid=3969) is multi-threaded, use of fork() may lead to deadlocks in the child.
  pid = os.fork()

[2024-10-07T23:23:59.068-0300] {standard_task_runner.py:90} INFO - Running: ['***', 'tasks', 'run', 'preprocess_predict', 'preprocess', 'manual__2024-10-08T02:23:57.466114+00:00', '--job-id', '88', '--raw', '--subdir', 'DAGS_FOLDER/Predict/preprocess_predict.py', '--cfg-path', '/tmp/tmp6vu2jmqa']
[2024-10-07T23:23:59.069-0300] {standard_task_runner.py:63} INFO - Started process 3970 to run task
[2024-10-07T23:23:59.070-0300] {standard_task_runner.py:91} INFO - Job 88: Subtask preprocess
[2024-10-07T23:23:59.150-0300] {task_command.py:426} INFO - Running <TaskInstance: preprocess_predict.preprocess manual__2024-10-08T02:23:57.466114+00:00 [running]> on host 4a07270c49a4
[2024-10-07T23:23:59.344-0300] {taskinstance.py:2648} INFO - Exporting env vars: AIRFLOW_CTX_DAG_OWNER='***' AIRFLOW_CTX_DAG_ID='preprocess_predict' AIRFLOW_CTX_TASK_ID='preprocess' AIRFLOW_CTX_EXECUTION_DATE='2024-10-08T02:23:57.466114+00:00' AIRFLOW_CTX_TRY_NUMBER='1' AIRFLOW_CTX_DAG_RUN_ID='manual__2024-10-08T02:23:57.466114+00:00'
[2024-10-07T23:23:59.346-0300] {taskinstance.py:430} INFO - ::endgroup::
[2024-10-07T23:23:59.349-0300] {process_utils.py:183} INFO - Executing cmd: /home/***/.local/bin/python -m virtualenv /tmp/venvz9p9ngix --python=python
[2024-10-07T23:23:59.352-0300] {process_utils.py:187} INFO - Output:
[2024-10-07T23:24:00.638-0300] {process_utils.py:191} INFO - created virtual environment CPython3.12.3.final.0-64 in 393ms
[2024-10-07T23:24:00.639-0300] {process_utils.py:191} INFO -   creator CPython3Posix(dest=/tmp/venvz9p9ngix, clear=False, no_vcs_ignore=False, global=False)
[2024-10-07T23:24:00.640-0300] {process_utils.py:191} INFO -   seeder FromAppData(download=False, pip=bundle, via=copy, app_data_dir=/home/***/.local/share/virtualenv)
[2024-10-07T23:24:00.642-0300] {process_utils.py:191} INFO -     added seed packages: pip==24.2
[2024-10-07T23:24:00.643-0300] {process_utils.py:191} INFO -   activators BashActivator,CShellActivator,FishActivator,NushellActivator,PowerShellActivator,PythonActivator
[2024-10-07T23:24:00.680-0300] {process_utils.py:183} INFO - Executing cmd: /tmp/venvz9p9ngix/bin/pip install -r /tmp/venvz9p9ngix/requirements.txt
[2024-10-07T23:24:00.683-0300] {process_utils.py:187} INFO - Output:
[2024-10-07T23:24:03.073-0300] {process_utils.py:191} INFO - Collecting joblib (from -r /tmp/venvz9p9ngix/requirements.txt (line 1))
[2024-10-07T23:24:03.074-0300] {process_utils.py:191} INFO -   Using cached joblib-1.4.2-py3-none-any.whl.metadata (5.4 kB)
[2024-10-07T23:24:03.223-0300] {process_utils.py:191} INFO - ERROR: Could not find a version that satisfies the requirement json (from versions: none)
[2024-10-07T23:24:03.411-0300] {process_utils.py:191} INFO - ERROR: No matching distribution found for json
[2024-10-07T23:24:03.600-0300] {taskinstance.py:441} INFO - ::group::Post task execution logs
[2024-10-07T23:24:03.602-0300] {taskinstance.py:2905} ERROR - Task failed with exception
Traceback (most recent call last):
  File "/home/airflow/.local/lib/python3.12/site-packages/airflow/models/taskinstance.py", line 465, in _execute_task
    result = _execute_callable(context=context, **execute_callable_kwargs)
             ^^^^^^^^^^^^^^^^^^^^^^^^^^^^^^^^^^^^^^^^^^^^^^^^^^^^^^^^^^^^^
  File "/home/airflow/.local/lib/python3.12/site-packages/airflow/models/taskinstance.py", line 432, in _execute_callable
    return execute_callable(context=context, **execute_callable_kwargs)
           ^^^^^^^^^^^^^^^^^^^^^^^^^^^^^^^^^^^^^^^^^^^^^^^^^^^^^^^^^^^^
  File "/home/airflow/.local/lib/python3.12/site-packages/airflow/models/baseoperator.py", line 400, in wrapper
    return func(self, *args, **kwargs)
           ^^^^^^^^^^^^^^^^^^^^^^^^^^^
  File "/home/airflow/.local/lib/python3.12/site-packages/airflow/decorators/base.py", line 265, in execute
    return_value = super().execute(context)
                   ^^^^^^^^^^^^^^^^^^^^^^^^
  File "/home/airflow/.local/lib/python3.12/site-packages/airflow/models/baseoperator.py", line 400, in wrapper
    return func(self, *args, **kwargs)
           ^^^^^^^^^^^^^^^^^^^^^^^^^^^
  File "/home/airflow/.local/lib/python3.12/site-packages/airflow/operators/python.py", line 437, in execute
    return super().execute(context=serializable_context)
           ^^^^^^^^^^^^^^^^^^^^^^^^^^^^^^^^^^^^^^^^^^^^^
  File "/home/airflow/.local/lib/python3.12/site-packages/airflow/models/baseoperator.py", line 400, in wrapper
    return func(self, *args, **kwargs)
           ^^^^^^^^^^^^^^^^^^^^^^^^^^^
  File "/home/airflow/.local/lib/python3.12/site-packages/airflow/operators/python.py", line 235, in execute
    return_value = self.execute_callable()
                   ^^^^^^^^^^^^^^^^^^^^^^^
  File "/home/airflow/.local/lib/python3.12/site-packages/airflow/operators/python.py", line 757, in execute_callable
    self._prepare_venv(tmp_path)
  File "/home/airflow/.local/lib/python3.12/site-packages/airflow/operators/python.py", line 669, in _prepare_venv
    prepare_virtualenv(
  File "/home/airflow/.local/lib/python3.12/site-packages/airflow/utils/python_virtualenv.py", line 119, in prepare_virtualenv
    execute_in_subprocess(pip_cmd)
  File "/home/airflow/.local/lib/python3.12/site-packages/airflow/utils/process_utils.py", line 172, in execute_in_subprocess
    execute_in_subprocess_with_kwargs(cmd, cwd=cwd)
  File "/home/airflow/.local/lib/python3.12/site-packages/airflow/utils/process_utils.py", line 195, in execute_in_subprocess_with_kwargs
    raise subprocess.CalledProcessError(exit_code, cmd)
subprocess.CalledProcessError: Command '['/tmp/venvz9p9ngix/bin/pip', 'install', '-r', '/tmp/venvz9p9ngix/requirements.txt']' returned non-zero exit status 1.
[2024-10-07T23:24:03.628-0300] {taskinstance.py:1206} INFO - Marking task as FAILED. dag_id=preprocess_predict, task_id=preprocess, run_id=manual__2024-10-08T02:23:57.466114+00:00, execution_date=20241008T022357, start_date=20241008T022358, end_date=20241008T022403
[2024-10-07T23:24:03.652-0300] {standard_task_runner.py:110} ERROR - Failed to execute job 88 for task preprocess (Command '['/tmp/venvz9p9ngix/bin/pip', 'install', '-r', '/tmp/venvz9p9ngix/requirements.txt']' returned non-zero exit status 1.; 3970)
[2024-10-07T23:24:03.672-0300] {local_task_job_runner.py:240} INFO - Task exited with return code 1
[2024-10-07T23:24:03.704-0300] {taskinstance.py:3498} INFO - 0 downstream tasks scheduled from follow-on schedule check
[2024-10-07T23:24:03.711-0300] {local_task_job_runner.py:222} INFO - ::endgroup::
