[2024-10-07T21:09:46.097-0300] {local_task_job_runner.py:120} INFO - ::group::Pre task execution logs
[2024-10-07T21:09:46.122-0300] {taskinstance.py:2076} INFO - Dependencies all met for dep_context=non-requeueable deps ti=<TaskInstance: preprocess_predict.preprocessvalues manual__2024-10-08T00:09:20.272983+00:00 [queued]>
[2024-10-07T21:09:46.134-0300] {taskinstance.py:2076} INFO - Dependencies all met for dep_context=requeueable deps ti=<TaskInstance: preprocess_predict.preprocessvalues manual__2024-10-08T00:09:20.272983+00:00 [queued]>
[2024-10-07T21:09:46.135-0300] {taskinstance.py:2306} INFO - Starting attempt 2 of 2
[2024-10-07T21:09:46.151-0300] {taskinstance.py:2330} INFO - Executing <Task(_PythonVirtualenvDecoratedOperator): preprocessvalues> on 2024-10-08 00:09:20.272983+00:00
[2024-10-07T21:09:46.157-0300] {warnings.py:110} WARNING - /home/***/.local/lib/python3.12/site-packages/***/task/task_runner/standard_task_runner.py:61: DeprecationWarning: This process (pid=100) is multi-threaded, use of fork() may lead to deadlocks in the child.
  pid = os.fork()

[2024-10-07T21:09:46.159-0300] {standard_task_runner.py:63} INFO - Started process 101 to run task
[2024-10-07T21:09:46.158-0300] {standard_task_runner.py:90} INFO - Running: ['***', 'tasks', 'run', 'preprocess_predict', 'preprocessvalues', 'manual__2024-10-08T00:09:20.272983+00:00', '--job-id', '15', '--raw', '--subdir', 'DAGS_FOLDER/Predict/preprocess_predict.py', '--cfg-path', '/tmp/tmp8pun5jfr']
[2024-10-07T21:09:46.160-0300] {standard_task_runner.py:91} INFO - Job 15: Subtask preprocessvalues
[2024-10-07T21:09:46.206-0300] {task_command.py:426} INFO - Running <TaskInstance: preprocess_predict.preprocessvalues manual__2024-10-08T00:09:20.272983+00:00 [running]> on host 4a07270c49a4
[2024-10-07T21:09:46.288-0300] {taskinstance.py:2648} INFO - Exporting env vars: AIRFLOW_CTX_DAG_OWNER='***' AIRFLOW_CTX_DAG_ID='preprocess_predict' AIRFLOW_CTX_TASK_ID='preprocessvalues' AIRFLOW_CTX_EXECUTION_DATE='2024-10-08T00:09:20.272983+00:00' AIRFLOW_CTX_TRY_NUMBER='2' AIRFLOW_CTX_DAG_RUN_ID='manual__2024-10-08T00:09:20.272983+00:00'
[2024-10-07T21:09:46.289-0300] {taskinstance.py:430} INFO - ::endgroup::
[2024-10-07T21:09:46.291-0300] {process_utils.py:183} INFO - Executing cmd: /home/***/.local/bin/python -m virtualenv /tmp/venvookx0_dh --python=python
[2024-10-07T21:09:46.293-0300] {process_utils.py:187} INFO - Output:
[2024-10-07T21:09:46.936-0300] {process_utils.py:191} INFO - created virtual environment CPython3.12.3.final.0-64 in 196ms
[2024-10-07T21:09:46.937-0300] {process_utils.py:191} INFO -   creator CPython3Posix(dest=/tmp/venvookx0_dh, clear=False, no_vcs_ignore=False, global=False)
[2024-10-07T21:09:46.938-0300] {process_utils.py:191} INFO -   seeder FromAppData(download=False, pip=bundle, via=copy, app_data_dir=/home/***/.local/share/virtualenv)
[2024-10-07T21:09:46.939-0300] {process_utils.py:191} INFO -     added seed packages: pip==24.2
[2024-10-07T21:09:46.940-0300] {process_utils.py:191} INFO -   activators BashActivator,CShellActivator,FishActivator,NushellActivator,PowerShellActivator,PythonActivator
[2024-10-07T21:09:46.966-0300] {process_utils.py:183} INFO - Executing cmd: /tmp/venvookx0_dh/bin/pip install -r /tmp/venvookx0_dh/requirements.txt
[2024-10-07T21:09:46.967-0300] {process_utils.py:187} INFO - Output:
[2024-10-07T21:09:48.320-0300] {process_utils.py:191} INFO - Collecting joblib (from -r /tmp/venvookx0_dh/requirements.txt (line 1))
[2024-10-07T21:09:48.323-0300] {process_utils.py:191} INFO -   Using cached joblib-1.4.2-py3-none-any.whl.metadata (5.4 kB)
[2024-10-07T21:09:48.552-0300] {process_utils.py:191} INFO - Collecting numpy (from -r /tmp/venvookx0_dh/requirements.txt (line 2))
[2024-10-07T21:09:48.554-0300] {process_utils.py:191} INFO -   Using cached numpy-2.1.2-cp312-cp312-manylinux_2_17_x86_64.manylinux2014_x86_64.whl.metadata (60 kB)
[2024-10-07T21:09:48.794-0300] {process_utils.py:191} INFO - Collecting pandas (from -r /tmp/venvookx0_dh/requirements.txt (line 3))
[2024-10-07T21:09:48.796-0300] {process_utils.py:191} INFO -   Using cached pandas-2.2.3-cp312-cp312-manylinux_2_17_x86_64.manylinux2014_x86_64.whl.metadata (89 kB)
[2024-10-07T21:09:48.967-0300] {process_utils.py:191} INFO - Collecting scikit-learn (from -r /tmp/venvookx0_dh/requirements.txt (line 4))
[2024-10-07T21:09:48.969-0300] {process_utils.py:191} INFO -   Using cached scikit_learn-1.5.2-cp312-cp312-manylinux_2_17_x86_64.manylinux2014_x86_64.whl.metadata (13 kB)
[2024-10-07T21:09:49.014-0300] {process_utils.py:191} INFO - Collecting python-dateutil>=2.8.2 (from pandas->-r /tmp/venvookx0_dh/requirements.txt (line 3))
[2024-10-07T21:09:49.016-0300] {process_utils.py:191} INFO -   Using cached python_dateutil-2.9.0.post0-py2.py3-none-any.whl.metadata (8.4 kB)
[2024-10-07T21:09:49.083-0300] {process_utils.py:191} INFO - Collecting pytz>=2020.1 (from pandas->-r /tmp/venvookx0_dh/requirements.txt (line 3))
[2024-10-07T21:09:49.085-0300] {process_utils.py:191} INFO -   Using cached pytz-2024.2-py2.py3-none-any.whl.metadata (22 kB)
[2024-10-07T21:09:49.115-0300] {process_utils.py:191} INFO - Collecting tzdata>=2022.7 (from pandas->-r /tmp/venvookx0_dh/requirements.txt (line 3))
[2024-10-07T21:09:49.116-0300] {process_utils.py:191} INFO -   Using cached tzdata-2024.2-py2.py3-none-any.whl.metadata (1.4 kB)
[2024-10-07T21:09:49.267-0300] {process_utils.py:191} INFO - Collecting scipy>=1.6.0 (from scikit-learn->-r /tmp/venvookx0_dh/requirements.txt (line 4))
[2024-10-07T21:09:49.269-0300] {process_utils.py:191} INFO -   Using cached scipy-1.14.1-cp312-cp312-manylinux_2_17_x86_64.manylinux2014_x86_64.whl.metadata (60 kB)
[2024-10-07T21:09:49.317-0300] {process_utils.py:191} INFO - Collecting threadpoolctl>=3.1.0 (from scikit-learn->-r /tmp/venvookx0_dh/requirements.txt (line 4))
[2024-10-07T21:09:49.319-0300] {process_utils.py:191} INFO -   Using cached threadpoolctl-3.5.0-py3-none-any.whl.metadata (13 kB)
[2024-10-07T21:09:49.346-0300] {process_utils.py:191} INFO - Collecting six>=1.5 (from python-dateutil>=2.8.2->pandas->-r /tmp/venvookx0_dh/requirements.txt (line 3))
[2024-10-07T21:09:49.349-0300] {process_utils.py:191} INFO -   Using cached six-1.16.0-py2.py3-none-any.whl.metadata (1.8 kB)
[2024-10-07T21:09:49.370-0300] {process_utils.py:191} INFO - Using cached joblib-1.4.2-py3-none-any.whl (301 kB)
[2024-10-07T21:09:49.371-0300] {process_utils.py:191} INFO - Using cached numpy-2.1.2-cp312-cp312-manylinux_2_17_x86_64.manylinux2014_x86_64.whl (16.0 MB)
[2024-10-07T21:09:49.390-0300] {process_utils.py:191} INFO - Using cached pandas-2.2.3-cp312-cp312-manylinux_2_17_x86_64.manylinux2014_x86_64.whl (12.7 MB)
[2024-10-07T21:09:49.405-0300] {process_utils.py:191} INFO - Using cached scikit_learn-1.5.2-cp312-cp312-manylinux_2_17_x86_64.manylinux2014_x86_64.whl (12.9 MB)
[2024-10-07T21:09:49.421-0300] {process_utils.py:191} INFO - Using cached python_dateutil-2.9.0.post0-py2.py3-none-any.whl (229 kB)
[2024-10-07T21:09:49.423-0300] {process_utils.py:191} INFO - Using cached pytz-2024.2-py2.py3-none-any.whl (508 kB)
[2024-10-07T21:09:49.426-0300] {process_utils.py:191} INFO - Using cached scipy-1.14.1-cp312-cp312-manylinux_2_17_x86_64.manylinux2014_x86_64.whl (40.8 MB)
[2024-10-07T21:09:49.473-0300] {process_utils.py:191} INFO - Using cached threadpoolctl-3.5.0-py3-none-any.whl (18 kB)
[2024-10-07T21:09:49.475-0300] {process_utils.py:191} INFO - Using cached tzdata-2024.2-py2.py3-none-any.whl (346 kB)
[2024-10-07T21:09:49.478-0300] {process_utils.py:191} INFO - Using cached six-1.16.0-py2.py3-none-any.whl (11 kB)
[2024-10-07T21:09:49.696-0300] {process_utils.py:191} INFO - Installing collected packages: pytz, tzdata, threadpoolctl, six, numpy, joblib, scipy, python-dateutil, scikit-learn, pandas
[2024-10-07T21:10:03.919-0300] {process_utils.py:191} INFO - Successfully installed joblib-1.4.2 numpy-2.1.2 pandas-2.2.3 python-dateutil-2.9.0.post0 pytz-2024.2 scikit-learn-1.5.2 scipy-1.14.1 six-1.16.0 threadpoolctl-3.5.0 tzdata-2024.2
[2024-10-07T21:10:04.383-0300] {process_utils.py:183} INFO - Executing cmd: /tmp/venvookx0_dh/bin/python /tmp/venv-callrlm5_y7d/script.py /tmp/venv-callrlm5_y7d/script.in /tmp/venv-callrlm5_y7d/script.out /tmp/venv-callrlm5_y7d/string_args.txt /tmp/venv-callrlm5_y7d/termination.log
[2024-10-07T21:10:04.385-0300] {process_utils.py:187} INFO - Output:
[2024-10-07T21:10:04.466-0300] {process_utils.py:191} INFO - Traceback (most recent call last):
[2024-10-07T21:10:04.467-0300] {process_utils.py:191} INFO -   File "/tmp/venv-callrlm5_y7d/script.py", line 62, in <module>
[2024-10-07T21:10:04.468-0300] {process_utils.py:191} INFO -     res = task_preprocess(*arg_dict["args"], **arg_dict["kwargs"])
[2024-10-07T21:10:04.469-0300] {process_utils.py:191} INFO -           ^^^^^^^^^^^^^^^^^^^^^^^^^^^^^^^^^^^^^^^^^^^^^^^^^^^^^^^^
[2024-10-07T21:10:04.469-0300] {process_utils.py:191} INFO - TypeError: task_preprocess() missing 1 required positional argument: 'ti'
[2024-10-07T21:10:04.741-0300] {taskinstance.py:441} INFO - ::group::Post task execution logs
[2024-10-07T21:10:04.754-0300] {taskinstance.py:2905} ERROR - Task failed with exception
Traceback (most recent call last):
  File "/home/airflow/.local/lib/python3.12/site-packages/airflow/models/taskinstance.py", line 465, in _execute_task
    result = _execute_callable(context=context, **execute_callable_kwargs)
             ^^^^^^^^^^^^^^^^^^^^^^^^^^^^^^^^^^^^^^^^^^^^^^^^^^^^^^^^^^^^^
  File "/home/airflow/.local/lib/python3.12/site-packages/airflow/models/taskinstance.py", line 432, in _execute_callable
    return execute_callable(context=context, **execute_callable_kwargs)
           ^^^^^^^^^^^^^^^^^^^^^^^^^^^^^^^^^^^^^^^^^^^^^^^^^^^^^^^^^^^^
  File "/home/airflow/.local/lib/python3.12/site-packages/airflow/models/baseoperator.py", line 400, in wrapper
    return func(self, *args, **kwargs)
           ^^^^^^^^^^^^^^^^^^^^^^^^^^^
  File "/home/airflow/.local/lib/python3.12/site-packages/airflow/decorators/base.py", line 265, in execute
    return_value = super().execute(context)
                   ^^^^^^^^^^^^^^^^^^^^^^^^
  File "/home/airflow/.local/lib/python3.12/site-packages/airflow/models/baseoperator.py", line 400, in wrapper
    return func(self, *args, **kwargs)
           ^^^^^^^^^^^^^^^^^^^^^^^^^^^
  File "/home/airflow/.local/lib/python3.12/site-packages/airflow/operators/python.py", line 437, in execute
    return super().execute(context=serializable_context)
           ^^^^^^^^^^^^^^^^^^^^^^^^^^^^^^^^^^^^^^^^^^^^^
  File "/home/airflow/.local/lib/python3.12/site-packages/airflow/models/baseoperator.py", line 400, in wrapper
    return func(self, *args, **kwargs)
           ^^^^^^^^^^^^^^^^^^^^^^^^^^^
  File "/home/airflow/.local/lib/python3.12/site-packages/airflow/operators/python.py", line 235, in execute
    return_value = self.execute_callable()
                   ^^^^^^^^^^^^^^^^^^^^^^^
  File "/home/airflow/.local/lib/python3.12/site-packages/airflow/operators/python.py", line 759, in execute_callable
    result = self._execute_python_callable_in_subprocess(python_path)
             ^^^^^^^^^^^^^^^^^^^^^^^^^^^^^^^^^^^^^^^^^^^^^^^^^^^^^^^^
  File "/home/airflow/.local/lib/python3.12/site-packages/airflow/operators/python.py", line 514, in _execute_python_callable_in_subprocess
    raise AirflowException(error_msg) from None
airflow.exceptions.AirflowException: Process returned non-zero exit status 1.
task_preprocess() missing 1 required positional argument: 'ti'
[2024-10-07T21:10:04.763-0300] {taskinstance.py:1206} INFO - Marking task as FAILED. dag_id=preprocess_predict, task_id=preprocessvalues, run_id=manual__2024-10-08T00:09:20.272983+00:00, execution_date=20241008T000920, start_date=20241008T000946, end_date=20241008T001004
[2024-10-07T21:10:04.783-0300] {standard_task_runner.py:110} ERROR - Failed to execute job 15 for task preprocessvalues (Process returned non-zero exit status 1.
task_preprocess() missing 1 required positional argument: 'ti'; 101)
[2024-10-07T21:10:04.824-0300] {local_task_job_runner.py:240} INFO - Task exited with return code 1
[2024-10-07T21:10:04.849-0300] {taskinstance.py:3498} INFO - 0 downstream tasks scheduled from follow-on schedule check
[2024-10-07T21:10:04.855-0300] {local_task_job_runner.py:222} INFO - ::endgroup::
