[2024-10-06T21:15:13.729-0300] {local_task_job_runner.py:120} INFO - ::group::Pre task execution logs
[2024-10-06T21:15:13.756-0300] {taskinstance.py:2076} INFO - Dependencies all met for dep_context=non-requeueable deps ti=<TaskInstance: training.trainingmodel manual__2024-10-07T00:15:12.268911+00:00 [queued]>
[2024-10-06T21:15:13.770-0300] {taskinstance.py:2076} INFO - Dependencies all met for dep_context=requeueable deps ti=<TaskInstance: training.trainingmodel manual__2024-10-07T00:15:12.268911+00:00 [queued]>
[2024-10-06T21:15:13.771-0300] {taskinstance.py:2306} INFO - Starting attempt 1 of 1
[2024-10-06T21:15:13.795-0300] {taskinstance.py:2330} INFO - Executing <Task(_PythonVirtualenvDecoratedOperator): trainingmodel> on 2024-10-07 00:15:12.268911+00:00
[2024-10-06T21:15:13.803-0300] {warnings.py:110} WARNING - /home/***/.local/lib/python3.12/site-packages/***/task/task_runner/standard_task_runner.py:61: DeprecationWarning: This process (pid=257) is multi-threaded, use of fork() may lead to deadlocks in the child.
  pid = os.fork()

[2024-10-06T21:15:13.804-0300] {standard_task_runner.py:63} INFO - Started process 258 to run task
[2024-10-06T21:15:13.804-0300] {standard_task_runner.py:90} INFO - Running: ['***', 'tasks', 'run', 'training', 'trainingmodel', 'manual__2024-10-07T00:15:12.268911+00:00', '--job-id', '5', '--raw', '--subdir', 'DAGS_FOLDER/Train/train_dag.py', '--cfg-path', '/tmp/tmpajxjs7qr']
[2024-10-06T21:15:13.806-0300] {standard_task_runner.py:91} INFO - Job 5: Subtask trainingmodel
[2024-10-06T21:15:13.860-0300] {task_command.py:426} INFO - Running <TaskInstance: training.trainingmodel manual__2024-10-07T00:15:12.268911+00:00 [running]> on host 4a07270c49a4
[2024-10-06T21:15:13.953-0300] {taskinstance.py:2648} INFO - Exporting env vars: AIRFLOW_CTX_DAG_OWNER='***' AIRFLOW_CTX_DAG_ID='training' AIRFLOW_CTX_TASK_ID='trainingmodel' AIRFLOW_CTX_EXECUTION_DATE='2024-10-07T00:15:12.268911+00:00' AIRFLOW_CTX_TRY_NUMBER='1' AIRFLOW_CTX_DAG_RUN_ID='manual__2024-10-07T00:15:12.268911+00:00'
[2024-10-06T21:15:13.955-0300] {taskinstance.py:430} INFO - ::endgroup::
[2024-10-06T21:15:13.959-0300] {process_utils.py:183} INFO - Executing cmd: /home/***/.local/bin/python -m virtualenv /tmp/venv2sa1hvak --python=python
[2024-10-06T21:15:13.961-0300] {process_utils.py:187} INFO - Output:
[2024-10-06T21:15:14.828-0300] {process_utils.py:191} INFO - created virtual environment CPython3.12.3.final.0-64 in 306ms
[2024-10-06T21:15:14.829-0300] {process_utils.py:191} INFO -   creator CPython3Posix(dest=/tmp/venv2sa1hvak, clear=False, no_vcs_ignore=False, global=False)
[2024-10-06T21:15:14.830-0300] {process_utils.py:191} INFO -   seeder FromAppData(download=False, pip=bundle, via=copy, app_data_dir=/home/***/.local/share/virtualenv)
[2024-10-06T21:15:14.831-0300] {process_utils.py:191} INFO -     added seed packages: pip==24.0
[2024-10-06T21:15:14.832-0300] {process_utils.py:191} INFO -   activators BashActivator,CShellActivator,FishActivator,NushellActivator,PowerShellActivator,PythonActivator
[2024-10-06T21:15:14.874-0300] {process_utils.py:183} INFO - Executing cmd: /tmp/venv2sa1hvak/bin/pip install -r /tmp/venv2sa1hvak/requirements.txt
[2024-10-06T21:15:14.877-0300] {process_utils.py:187} INFO - Output:
[2024-10-06T21:15:16.834-0300] {process_utils.py:191} INFO - Collecting joblib (from -r /tmp/venv2sa1hvak/requirements.txt (line 1))
[2024-10-06T21:15:16.835-0300] {process_utils.py:191} INFO -   Using cached joblib-1.4.2-py3-none-any.whl.metadata (5.4 kB)
[2024-10-06T21:15:17.099-0300] {process_utils.py:191} INFO - Collecting numpy (from -r /tmp/venv2sa1hvak/requirements.txt (line 2))
[2024-10-06T21:15:17.102-0300] {process_utils.py:191} INFO -   Using cached numpy-2.1.2-cp312-cp312-manylinux_2_17_x86_64.manylinux2014_x86_64.whl.metadata (60 kB)
[2024-10-06T21:15:17.304-0300] {process_utils.py:191} INFO - Collecting pandas (from -r /tmp/venv2sa1hvak/requirements.txt (line 3))
[2024-10-06T21:15:17.307-0300] {process_utils.py:191} INFO -   Using cached pandas-2.2.3-cp312-cp312-manylinux_2_17_x86_64.manylinux2014_x86_64.whl.metadata (89 kB)
[2024-10-06T21:15:17.449-0300] {process_utils.py:191} INFO - Collecting scikit-learn (from -r /tmp/venv2sa1hvak/requirements.txt (line 4))
[2024-10-06T21:15:17.451-0300] {process_utils.py:191} INFO -   Using cached scikit_learn-1.5.2-cp312-cp312-manylinux_2_17_x86_64.manylinux2014_x86_64.whl.metadata (13 kB)
[2024-10-06T21:15:17.611-0300] {process_utils.py:191} INFO - Collecting python-dateutil>=2.8.2 (from pandas->-r /tmp/venv2sa1hvak/requirements.txt (line 3))
[2024-10-06T21:15:17.613-0300] {process_utils.py:191} INFO -   Using cached python_dateutil-2.9.0.post0-py2.py3-none-any.whl.metadata (8.4 kB)
[2024-10-06T21:15:17.713-0300] {process_utils.py:191} INFO - Collecting pytz>=2020.1 (from pandas->-r /tmp/venv2sa1hvak/requirements.txt (line 3))
[2024-10-06T21:15:17.719-0300] {process_utils.py:191} INFO -   Using cached pytz-2024.2-py2.py3-none-any.whl.metadata (22 kB)
[2024-10-06T21:15:17.762-0300] {process_utils.py:191} INFO - Collecting tzdata>=2022.7 (from pandas->-r /tmp/venv2sa1hvak/requirements.txt (line 3))
[2024-10-06T21:15:17.765-0300] {process_utils.py:191} INFO -   Using cached tzdata-2024.2-py2.py3-none-any.whl.metadata (1.4 kB)
[2024-10-06T21:15:18.012-0300] {process_utils.py:191} INFO - Collecting scipy>=1.6.0 (from scikit-learn->-r /tmp/venv2sa1hvak/requirements.txt (line 4))
[2024-10-06T21:15:18.014-0300] {process_utils.py:191} INFO -   Using cached scipy-1.14.1-cp312-cp312-manylinux_2_17_x86_64.manylinux2014_x86_64.whl.metadata (60 kB)
[2024-10-06T21:15:18.062-0300] {process_utils.py:191} INFO - Collecting threadpoolctl>=3.1.0 (from scikit-learn->-r /tmp/venv2sa1hvak/requirements.txt (line 4))
[2024-10-06T21:15:18.063-0300] {process_utils.py:191} INFO -   Using cached threadpoolctl-3.5.0-py3-none-any.whl.metadata (13 kB)
[2024-10-06T21:15:18.100-0300] {process_utils.py:191} INFO - Collecting six>=1.5 (from python-dateutil>=2.8.2->pandas->-r /tmp/venv2sa1hvak/requirements.txt (line 3))
[2024-10-06T21:15:18.102-0300] {process_utils.py:191} INFO -   Using cached six-1.16.0-py2.py3-none-any.whl.metadata (1.8 kB)
[2024-10-06T21:15:18.158-0300] {process_utils.py:191} INFO - Using cached joblib-1.4.2-py3-none-any.whl (301 kB)
[2024-10-06T21:15:18.162-0300] {process_utils.py:191} INFO - Using cached numpy-2.1.2-cp312-cp312-manylinux_2_17_x86_64.manylinux2014_x86_64.whl (16.0 MB)
[2024-10-06T21:15:18.199-0300] {process_utils.py:191} INFO - Using cached pandas-2.2.3-cp312-cp312-manylinux_2_17_x86_64.manylinux2014_x86_64.whl (12.7 MB)
[2024-10-06T21:15:18.229-0300] {process_utils.py:191} INFO - Using cached scikit_learn-1.5.2-cp312-cp312-manylinux_2_17_x86_64.manylinux2014_x86_64.whl (12.9 MB)
[2024-10-06T21:15:18.281-0300] {process_utils.py:191} INFO - Using cached python_dateutil-2.9.0.post0-py2.py3-none-any.whl (229 kB)
[2024-10-06T21:15:18.285-0300] {process_utils.py:191} INFO - Using cached pytz-2024.2-py2.py3-none-any.whl (508 kB)
[2024-10-06T21:15:18.292-0300] {process_utils.py:191} INFO - Using cached scipy-1.14.1-cp312-cp312-manylinux_2_17_x86_64.manylinux2014_x86_64.whl (40.8 MB)
[2024-10-06T21:15:18.435-0300] {process_utils.py:191} INFO - Using cached threadpoolctl-3.5.0-py3-none-any.whl (18 kB)
[2024-10-06T21:15:18.436-0300] {process_utils.py:191} INFO - Using cached tzdata-2024.2-py2.py3-none-any.whl (346 kB)
[2024-10-06T21:15:18.439-0300] {process_utils.py:191} INFO - Using cached six-1.16.0-py2.py3-none-any.whl (11 kB)
[2024-10-06T21:15:18.799-0300] {process_utils.py:191} INFO - Installing collected packages: pytz, tzdata, threadpoolctl, six, numpy, joblib, scipy, python-dateutil, scikit-learn, pandas
[2024-10-06T21:15:36.030-0300] {process_utils.py:191} INFO - Successfully installed joblib-1.4.2 numpy-2.1.2 pandas-2.2.3 python-dateutil-2.9.0.post0 pytz-2024.2 scikit-learn-1.5.2 scipy-1.14.1 six-1.16.0 threadpoolctl-3.5.0 tzdata-2024.2
[2024-10-06T21:15:36.259-0300] {process_utils.py:191} INFO - 
[2024-10-06T21:15:36.260-0300] {process_utils.py:191} INFO - [notice] A new release of pip is available: 24.0 -> 24.2
[2024-10-06T21:15:36.261-0300] {process_utils.py:191} INFO - [notice] To update, run: python -m pip install --upgrade pip
[2024-10-06T21:15:36.564-0300] {process_utils.py:183} INFO - Executing cmd: /tmp/venv2sa1hvak/bin/python /tmp/venv-callloiygbnf/script.py /tmp/venv-callloiygbnf/script.in /tmp/venv-callloiygbnf/script.out /tmp/venv-callloiygbnf/string_args.txt /tmp/venv-callloiygbnf/termination.log
[2024-10-06T21:15:36.565-0300] {process_utils.py:187} INFO - Output:
[2024-10-06T21:15:38.204-0300] {process_utils.py:191} INFO - /tmp/venv2sa1hvak/lib/python3.12/site-packages/sklearn/linear_model/_coordinate_descent.py:697: ConvergenceWarning: Objective did not converge. You might want to increase the number of iterations, check the scale of the features or consider increasing regularisation. Duality gap: 2.477e+09, tolerance: 7.778e+06
[2024-10-06T21:15:38.205-0300] {process_utils.py:191} INFO -   model = cd_fast.enet_coordinate_descent(
[2024-10-06T21:15:38.206-0300] {process_utils.py:191} INFO - Traceback (most recent call last):
[2024-10-06T21:15:38.207-0300] {process_utils.py:191} INFO -   File "/tmp/venv-callloiygbnf/script.py", line 94, in <module>
[2024-10-06T21:15:38.208-0300] {process_utils.py:191} INFO -     res = task_train(*arg_dict["args"], **arg_dict["kwargs"])
[2024-10-06T21:15:38.209-0300] {process_utils.py:191} INFO -           ^^^^^^^^^^^^^^^^^^^^^^^^^^^^^^^^^^^^^^^^^^^^^^^^^^^
[2024-10-06T21:15:38.210-0300] {process_utils.py:191} INFO -   File "/tmp/venv-callloiygbnf/script.py", line 71, in task_train
[2024-10-06T21:15:38.212-0300] {process_utils.py:191} INFO -     pd.Series(selected_feats).to_csv('./Output/selected_features.csv', index=False)
[2024-10-06T21:15:38.213-0300] {process_utils.py:191} INFO -   File "/tmp/venv2sa1hvak/lib/python3.12/site-packages/pandas/util/_decorators.py", line 333, in wrapper
[2024-10-06T21:15:38.213-0300] {process_utils.py:191} INFO -     return func(*args, **kwargs)
[2024-10-06T21:15:38.214-0300] {process_utils.py:191} INFO -            ^^^^^^^^^^^^^^^^^^^^^
[2024-10-06T21:15:38.214-0300] {process_utils.py:191} INFO -   File "/tmp/venv2sa1hvak/lib/python3.12/site-packages/pandas/core/generic.py", line 3967, in to_csv
[2024-10-06T21:15:38.215-0300] {process_utils.py:191} INFO -     return DataFrameRenderer(formatter).to_csv(
[2024-10-06T21:15:38.216-0300] {process_utils.py:191} INFO -            ^^^^^^^^^^^^^^^^^^^^^^^^^^^^^^^^^^^^
[2024-10-06T21:15:38.216-0300] {process_utils.py:191} INFO -   File "/tmp/venv2sa1hvak/lib/python3.12/site-packages/pandas/io/formats/format.py", line 1014, in to_csv
[2024-10-06T21:15:38.217-0300] {process_utils.py:191} INFO -     csv_formatter.save()
[2024-10-06T21:15:38.217-0300] {process_utils.py:191} INFO -   File "/tmp/venv2sa1hvak/lib/python3.12/site-packages/pandas/io/formats/csvs.py", line 251, in save
[2024-10-06T21:15:38.218-0300] {process_utils.py:191} INFO -     with get_handle(
[2024-10-06T21:15:38.218-0300] {process_utils.py:191} INFO -          ^^^^^^^^^^^
[2024-10-06T21:15:38.219-0300] {process_utils.py:191} INFO -   File "/tmp/venv2sa1hvak/lib/python3.12/site-packages/pandas/io/common.py", line 749, in get_handle
[2024-10-06T21:15:38.219-0300] {process_utils.py:191} INFO -     check_parent_directory(str(handle))
[2024-10-06T21:15:38.220-0300] {process_utils.py:191} INFO -   File "/tmp/venv2sa1hvak/lib/python3.12/site-packages/pandas/io/common.py", line 616, in check_parent_directory
[2024-10-06T21:15:38.220-0300] {process_utils.py:191} INFO -     raise OSError(rf"Cannot save file into a non-existent directory: '{parent}'")
[2024-10-06T21:15:38.221-0300] {process_utils.py:191} INFO - OSError: Cannot save file into a non-existent directory: 'Output'
[2024-10-06T21:15:38.723-0300] {taskinstance.py:441} INFO - ::group::Post task execution logs
[2024-10-06T21:15:38.737-0300] {taskinstance.py:2905} ERROR - Task failed with exception
Traceback (most recent call last):
  File "/home/airflow/.local/lib/python3.12/site-packages/airflow/models/taskinstance.py", line 465, in _execute_task
    result = _execute_callable(context=context, **execute_callable_kwargs)
             ^^^^^^^^^^^^^^^^^^^^^^^^^^^^^^^^^^^^^^^^^^^^^^^^^^^^^^^^^^^^^
  File "/home/airflow/.local/lib/python3.12/site-packages/airflow/models/taskinstance.py", line 432, in _execute_callable
    return execute_callable(context=context, **execute_callable_kwargs)
           ^^^^^^^^^^^^^^^^^^^^^^^^^^^^^^^^^^^^^^^^^^^^^^^^^^^^^^^^^^^^
  File "/home/airflow/.local/lib/python3.12/site-packages/airflow/models/baseoperator.py", line 400, in wrapper
    return func(self, *args, **kwargs)
           ^^^^^^^^^^^^^^^^^^^^^^^^^^^
  File "/home/airflow/.local/lib/python3.12/site-packages/airflow/decorators/base.py", line 265, in execute
    return_value = super().execute(context)
                   ^^^^^^^^^^^^^^^^^^^^^^^^
  File "/home/airflow/.local/lib/python3.12/site-packages/airflow/models/baseoperator.py", line 400, in wrapper
    return func(self, *args, **kwargs)
           ^^^^^^^^^^^^^^^^^^^^^^^^^^^
  File "/home/airflow/.local/lib/python3.12/site-packages/airflow/operators/python.py", line 437, in execute
    return super().execute(context=serializable_context)
           ^^^^^^^^^^^^^^^^^^^^^^^^^^^^^^^^^^^^^^^^^^^^^
  File "/home/airflow/.local/lib/python3.12/site-packages/airflow/models/baseoperator.py", line 400, in wrapper
    return func(self, *args, **kwargs)
           ^^^^^^^^^^^^^^^^^^^^^^^^^^^
  File "/home/airflow/.local/lib/python3.12/site-packages/airflow/operators/python.py", line 235, in execute
    return_value = self.execute_callable()
                   ^^^^^^^^^^^^^^^^^^^^^^^
  File "/home/airflow/.local/lib/python3.12/site-packages/airflow/operators/python.py", line 759, in execute_callable
    result = self._execute_python_callable_in_subprocess(python_path)
             ^^^^^^^^^^^^^^^^^^^^^^^^^^^^^^^^^^^^^^^^^^^^^^^^^^^^^^^^
  File "/home/airflow/.local/lib/python3.12/site-packages/airflow/operators/python.py", line 514, in _execute_python_callable_in_subprocess
    raise AirflowException(error_msg) from None
airflow.exceptions.AirflowException: Process returned non-zero exit status 1.
Cannot save file into a non-existent directory: 'Output'
[2024-10-06T21:15:38.745-0300] {taskinstance.py:1206} INFO - Marking task as FAILED. dag_id=training, task_id=trainingmodel, run_id=manual__2024-10-07T00:15:12.268911+00:00, execution_date=20241007T001512, start_date=20241007T001513, end_date=20241007T001538
[2024-10-06T21:15:38.765-0300] {standard_task_runner.py:110} ERROR - Failed to execute job 5 for task trainingmodel (Process returned non-zero exit status 1.
Cannot save file into a non-existent directory: 'Output'; 258)
[2024-10-06T21:15:38.787-0300] {local_task_job_runner.py:240} INFO - Task exited with return code 1
[2024-10-06T21:15:38.804-0300] {taskinstance.py:3498} INFO - 0 downstream tasks scheduled from follow-on schedule check
[2024-10-06T21:15:38.808-0300] {local_task_job_runner.py:222} INFO - ::endgroup::
