[2024-10-07T23:42:44.578-0300] {local_task_job_runner.py:120} INFO - ::group::Pre task execution logs
[2024-10-07T23:42:44.636-0300] {taskinstance.py:2076} INFO - Dependencies all met for dep_context=non-requeueable deps ti=<TaskInstance: preprocess_predict.preprocess manual__2024-10-08T02:42:42.862230+00:00 [queued]>
[2024-10-07T23:42:44.659-0300] {taskinstance.py:2076} INFO - Dependencies all met for dep_context=requeueable deps ti=<TaskInstance: preprocess_predict.preprocess manual__2024-10-08T02:42:42.862230+00:00 [queued]>
[2024-10-07T23:42:44.686-0300] {taskinstance.py:2306} INFO - Starting attempt 1 of 1
[2024-10-07T23:42:44.749-0300] {taskinstance.py:2330} INFO - Executing <Task(PythonVirtualenvOperator): preprocess> on 2024-10-08 02:42:42.862230+00:00
[2024-10-07T23:42:44.763-0300] {warnings.py:110} WARNING - /home/***/.local/lib/python3.12/site-packages/***/task/task_runner/standard_task_runner.py:61: DeprecationWarning: This process (pid=4354) is multi-threaded, use of fork() may lead to deadlocks in the child.
  pid = os.fork()

[2024-10-07T23:42:44.766-0300] {standard_task_runner.py:63} INFO - Started process 4355 to run task
[2024-10-07T23:42:44.766-0300] {standard_task_runner.py:90} INFO - Running: ['***', 'tasks', 'run', 'preprocess_predict', 'preprocess', 'manual__2024-10-08T02:42:42.862230+00:00', '--job-id', '95', '--raw', '--subdir', 'DAGS_FOLDER/Predict/preprocess_predict.py', '--cfg-path', '/tmp/tmpowkd0swh']
[2024-10-07T23:42:44.769-0300] {standard_task_runner.py:91} INFO - Job 95: Subtask preprocess
[2024-10-07T23:42:44.892-0300] {task_command.py:426} INFO - Running <TaskInstance: preprocess_predict.preprocess manual__2024-10-08T02:42:42.862230+00:00 [running]> on host 4a07270c49a4
[2024-10-07T23:42:45.048-0300] {taskinstance.py:2648} INFO - Exporting env vars: AIRFLOW_CTX_DAG_OWNER='***' AIRFLOW_CTX_DAG_ID='preprocess_predict' AIRFLOW_CTX_TASK_ID='preprocess' AIRFLOW_CTX_EXECUTION_DATE='2024-10-08T02:42:42.862230+00:00' AIRFLOW_CTX_TRY_NUMBER='1' AIRFLOW_CTX_DAG_RUN_ID='manual__2024-10-08T02:42:42.862230+00:00'
[2024-10-07T23:42:45.050-0300] {taskinstance.py:430} INFO - ::endgroup::
[2024-10-07T23:42:45.051-0300] {baseoperator.py:399} WARNING - PythonVirtualenvOperator.execute cannot be called outside TaskInstance!
[2024-10-07T23:42:45.054-0300] {process_utils.py:183} INFO - Executing cmd: /home/***/.local/bin/python -m virtualenv /tmp/venv5__nblh3 --python=python
[2024-10-07T23:42:45.056-0300] {process_utils.py:187} INFO - Output:
[2024-10-07T23:42:46.456-0300] {process_utils.py:191} INFO - created virtual environment CPython3.12.3.final.0-64 in 425ms
[2024-10-07T23:42:46.457-0300] {process_utils.py:191} INFO -   creator CPython3Posix(dest=/tmp/venv5__nblh3, clear=False, no_vcs_ignore=False, global=False)
[2024-10-07T23:42:46.459-0300] {process_utils.py:191} INFO -   seeder FromAppData(download=False, pip=bundle, via=copy, app_data_dir=/home/***/.local/share/virtualenv)
[2024-10-07T23:42:46.460-0300] {process_utils.py:191} INFO -     added seed packages: pip==24.2
[2024-10-07T23:42:46.462-0300] {process_utils.py:191} INFO -   activators BashActivator,CShellActivator,FishActivator,NushellActivator,PowerShellActivator,PythonActivator
[2024-10-07T23:42:46.516-0300] {process_utils.py:183} INFO - Executing cmd: /tmp/venv5__nblh3/bin/pip install -r /tmp/venv5__nblh3/requirements.txt
[2024-10-07T23:42:46.519-0300] {process_utils.py:187} INFO - Output:
[2024-10-07T23:42:49.361-0300] {process_utils.py:191} INFO - Collecting joblib (from -r /tmp/venv5__nblh3/requirements.txt (line 1))
[2024-10-07T23:42:49.366-0300] {process_utils.py:191} INFO -   Using cached joblib-1.4.2-py3-none-any.whl.metadata (5.4 kB)
[2024-10-07T23:42:49.745-0300] {process_utils.py:191} INFO - Collecting numpy (from -r /tmp/venv5__nblh3/requirements.txt (line 2))
[2024-10-07T23:42:49.749-0300] {process_utils.py:191} INFO -   Using cached numpy-2.1.2-cp312-cp312-manylinux_2_17_x86_64.manylinux2014_x86_64.whl.metadata (60 kB)
[2024-10-07T23:42:49.998-0300] {process_utils.py:191} INFO - Collecting pandas (from -r /tmp/venv5__nblh3/requirements.txt (line 3))
[2024-10-07T23:42:50.000-0300] {process_utils.py:191} INFO -   Using cached pandas-2.2.3-cp312-cp312-manylinux_2_17_x86_64.manylinux2014_x86_64.whl.metadata (89 kB)
[2024-10-07T23:42:50.202-0300] {process_utils.py:191} INFO - Collecting scikit-learn (from -r /tmp/venv5__nblh3/requirements.txt (line 4))
[2024-10-07T23:42:50.205-0300] {process_utils.py:191} INFO -   Using cached scikit_learn-1.5.2-cp312-cp312-manylinux_2_17_x86_64.manylinux2014_x86_64.whl.metadata (13 kB)
[2024-10-07T23:42:50.260-0300] {process_utils.py:191} INFO - Collecting python-dateutil>=2.8.2 (from pandas->-r /tmp/venv5__nblh3/requirements.txt (line 3))
[2024-10-07T23:42:50.262-0300] {process_utils.py:191} INFO -   Using cached python_dateutil-2.9.0.post0-py2.py3-none-any.whl.metadata (8.4 kB)
[2024-10-07T23:42:50.336-0300] {process_utils.py:191} INFO - Collecting pytz>=2020.1 (from pandas->-r /tmp/venv5__nblh3/requirements.txt (line 3))
[2024-10-07T23:42:50.338-0300] {process_utils.py:191} INFO -   Using cached pytz-2024.2-py2.py3-none-any.whl.metadata (22 kB)
[2024-10-07T23:42:50.370-0300] {process_utils.py:191} INFO - Collecting tzdata>=2022.7 (from pandas->-r /tmp/venv5__nblh3/requirements.txt (line 3))
[2024-10-07T23:42:50.372-0300] {process_utils.py:191} INFO -   Using cached tzdata-2024.2-py2.py3-none-any.whl.metadata (1.4 kB)
[2024-10-07T23:42:50.554-0300] {process_utils.py:191} INFO - Collecting scipy>=1.6.0 (from scikit-learn->-r /tmp/venv5__nblh3/requirements.txt (line 4))
[2024-10-07T23:42:50.555-0300] {process_utils.py:191} INFO -   Using cached scipy-1.14.1-cp312-cp312-manylinux_2_17_x86_64.manylinux2014_x86_64.whl.metadata (60 kB)
[2024-10-07T23:42:50.605-0300] {process_utils.py:191} INFO - Collecting threadpoolctl>=3.1.0 (from scikit-learn->-r /tmp/venv5__nblh3/requirements.txt (line 4))
[2024-10-07T23:42:50.609-0300] {process_utils.py:191} INFO -   Using cached threadpoolctl-3.5.0-py3-none-any.whl.metadata (13 kB)
[2024-10-07T23:42:50.647-0300] {process_utils.py:191} INFO - Collecting six>=1.5 (from python-dateutil>=2.8.2->pandas->-r /tmp/venv5__nblh3/requirements.txt (line 3))
[2024-10-07T23:42:50.648-0300] {process_utils.py:191} INFO -   Using cached six-1.16.0-py2.py3-none-any.whl.metadata (1.8 kB)
[2024-10-07T23:42:50.676-0300] {process_utils.py:191} INFO - Using cached joblib-1.4.2-py3-none-any.whl (301 kB)
[2024-10-07T23:42:50.679-0300] {process_utils.py:191} INFO - Using cached numpy-2.1.2-cp312-cp312-manylinux_2_17_x86_64.manylinux2014_x86_64.whl (16.0 MB)
[2024-10-07T23:42:50.704-0300] {process_utils.py:191} INFO - Using cached pandas-2.2.3-cp312-cp312-manylinux_2_17_x86_64.manylinux2014_x86_64.whl (12.7 MB)
[2024-10-07T23:42:50.721-0300] {process_utils.py:191} INFO - Using cached scikit_learn-1.5.2-cp312-cp312-manylinux_2_17_x86_64.manylinux2014_x86_64.whl (12.9 MB)
[2024-10-07T23:42:50.746-0300] {process_utils.py:191} INFO - Using cached python_dateutil-2.9.0.post0-py2.py3-none-any.whl (229 kB)
[2024-10-07T23:42:50.748-0300] {process_utils.py:191} INFO - Using cached pytz-2024.2-py2.py3-none-any.whl (508 kB)
[2024-10-07T23:42:50.752-0300] {process_utils.py:191} INFO - Using cached scipy-1.14.1-cp312-cp312-manylinux_2_17_x86_64.manylinux2014_x86_64.whl (40.8 MB)
[2024-10-07T23:42:50.816-0300] {process_utils.py:191} INFO - Using cached threadpoolctl-3.5.0-py3-none-any.whl (18 kB)
[2024-10-07T23:42:50.819-0300] {process_utils.py:191} INFO - Using cached tzdata-2024.2-py2.py3-none-any.whl (346 kB)
[2024-10-07T23:42:50.822-0300] {process_utils.py:191} INFO - Using cached six-1.16.0-py2.py3-none-any.whl (11 kB)
[2024-10-07T23:42:51.081-0300] {process_utils.py:191} INFO - Installing collected packages: pytz, tzdata, threadpoolctl, six, numpy, joblib, scipy, python-dateutil, scikit-learn, pandas
[2024-10-07T23:43:07.510-0300] {process_utils.py:191} INFO - Successfully installed joblib-1.4.2 numpy-2.1.2 pandas-2.2.3 python-dateutil-2.9.0.post0 pytz-2024.2 scikit-learn-1.5.2 scipy-1.14.1 six-1.16.0 threadpoolctl-3.5.0 tzdata-2024.2
[2024-10-07T23:43:07.909-0300] {process_utils.py:183} INFO - Executing cmd: /tmp/venv5__nblh3/bin/python /tmp/venv-callwy0upu6r/script.py /tmp/venv-callwy0upu6r/script.in /tmp/venv-callwy0upu6r/script.out /tmp/venv-callwy0upu6r/string_args.txt /tmp/venv-callwy0upu6r/termination.log
[2024-10-07T23:43:07.910-0300] {process_utils.py:187} INFO - Output:
[2024-10-07T23:43:07.985-0300] {process_utils.py:191} INFO - Traceback (most recent call last):
[2024-10-07T23:43:07.986-0300] {process_utils.py:191} INFO -   File "/tmp/venv-callwy0upu6r/script.py", line 64, in <module>
[2024-10-07T23:43:07.987-0300] {process_utils.py:191} INFO -     res = task_preprocess(*arg_dict["args"], **arg_dict["kwargs"])
[2024-10-07T23:43:07.988-0300] {process_utils.py:191} INFO -           ^^^^^^^^^^^^^^^^^^^^^^^^^^^^^^^^^^^^^^^^^^^^^^^^^^^^^^^^
[2024-10-07T23:43:07.989-0300] {process_utils.py:191} INFO - TypeError: task_preprocess() missing 1 required positional argument: 'ti'
[2024-10-07T23:43:08.257-0300] {taskinstance.py:441} INFO - ::group::Post task execution logs
[2024-10-07T23:43:08.268-0300] {taskinstance.py:2905} ERROR - Task failed with exception
Traceback (most recent call last):
  File "/home/airflow/.local/lib/python3.12/site-packages/airflow/models/taskinstance.py", line 465, in _execute_task
    result = _execute_callable(context=context, **execute_callable_kwargs)
             ^^^^^^^^^^^^^^^^^^^^^^^^^^^^^^^^^^^^^^^^^^^^^^^^^^^^^^^^^^^^^
  File "/home/airflow/.local/lib/python3.12/site-packages/airflow/models/taskinstance.py", line 432, in _execute_callable
    return execute_callable(context=context, **execute_callable_kwargs)
           ^^^^^^^^^^^^^^^^^^^^^^^^^^^^^^^^^^^^^^^^^^^^^^^^^^^^^^^^^^^^
  File "/home/airflow/.local/lib/python3.12/site-packages/airflow/models/baseoperator.py", line 400, in wrapper
    return func(self, *args, **kwargs)
           ^^^^^^^^^^^^^^^^^^^^^^^^^^^
  File "/home/airflow/.local/lib/python3.12/site-packages/airflow/operators/python.py", line 437, in execute
    return super().execute(context=serializable_context)
           ^^^^^^^^^^^^^^^^^^^^^^^^^^^^^^^^^^^^^^^^^^^^^
  File "/home/airflow/.local/lib/python3.12/site-packages/airflow/models/baseoperator.py", line 400, in wrapper
    return func(self, *args, **kwargs)
           ^^^^^^^^^^^^^^^^^^^^^^^^^^^
  File "/home/airflow/.local/lib/python3.12/site-packages/airflow/operators/python.py", line 235, in execute
    return_value = self.execute_callable()
                   ^^^^^^^^^^^^^^^^^^^^^^^
  File "/home/airflow/.local/lib/python3.12/site-packages/airflow/operators/python.py", line 759, in execute_callable
    result = self._execute_python_callable_in_subprocess(python_path)
             ^^^^^^^^^^^^^^^^^^^^^^^^^^^^^^^^^^^^^^^^^^^^^^^^^^^^^^^^
  File "/home/airflow/.local/lib/python3.12/site-packages/airflow/operators/python.py", line 514, in _execute_python_callable_in_subprocess
    raise AirflowException(error_msg) from None
airflow.exceptions.AirflowException: Process returned non-zero exit status 1.
task_preprocess() missing 1 required positional argument: 'ti'
[2024-10-07T23:43:08.273-0300] {taskinstance.py:1206} INFO - Marking task as FAILED. dag_id=preprocess_predict, task_id=preprocess, run_id=manual__2024-10-08T02:42:42.862230+00:00, execution_date=20241008T024242, start_date=20241008T024244, end_date=20241008T024308
[2024-10-07T23:43:08.299-0300] {standard_task_runner.py:110} ERROR - Failed to execute job 95 for task preprocess (Process returned non-zero exit status 1.
task_preprocess() missing 1 required positional argument: 'ti'; 4355)
[2024-10-07T23:43:08.321-0300] {local_task_job_runner.py:240} INFO - Task exited with return code 1
[2024-10-07T23:43:08.345-0300] {taskinstance.py:3498} INFO - 0 downstream tasks scheduled from follow-on schedule check
[2024-10-07T23:43:08.351-0300] {local_task_job_runner.py:222} INFO - ::endgroup::
