[2024-10-07T23:16:36.652-0300] {local_task_job_runner.py:120} INFO - ::group::Pre task execution logs
[2024-10-07T23:16:36.694-0300] {taskinstance.py:2076} INFO - Dependencies all met for dep_context=non-requeueable deps ti=<TaskInstance: preprocess_predict.preprocess manual__2024-10-08T02:16:35.023277+00:00 [queued]>
[2024-10-07T23:16:36.711-0300] {taskinstance.py:2076} INFO - Dependencies all met for dep_context=requeueable deps ti=<TaskInstance: preprocess_predict.preprocess manual__2024-10-08T02:16:35.023277+00:00 [queued]>
[2024-10-07T23:16:36.713-0300] {taskinstance.py:2306} INFO - Starting attempt 1 of 1
[2024-10-07T23:16:36.740-0300] {taskinstance.py:2330} INFO - Executing <Task(_PythonVirtualenvDecoratedOperator): preprocess> on 2024-10-08 02:16:35.023277+00:00
[2024-10-07T23:16:36.751-0300] {warnings.py:110} WARNING - /home/***/.local/lib/python3.12/site-packages/***/task/task_runner/standard_task_runner.py:61: DeprecationWarning: This process (pid=3680) is multi-threaded, use of fork() may lead to deadlocks in the child.
  pid = os.fork()

[2024-10-07T23:16:36.753-0300] {standard_task_runner.py:63} INFO - Started process 3681 to run task
[2024-10-07T23:16:36.753-0300] {standard_task_runner.py:90} INFO - Running: ['***', 'tasks', 'run', 'preprocess_predict', 'preprocess', 'manual__2024-10-08T02:16:35.023277+00:00', '--job-id', '82', '--raw', '--subdir', 'DAGS_FOLDER/Predict/preprocess_predict.py', '--cfg-path', '/tmp/tmpxq29lm_q']
[2024-10-07T23:16:36.755-0300] {standard_task_runner.py:91} INFO - Job 82: Subtask preprocess
[2024-10-07T23:16:36.859-0300] {task_command.py:426} INFO - Running <TaskInstance: preprocess_predict.preprocess manual__2024-10-08T02:16:35.023277+00:00 [running]> on host 4a07270c49a4
[2024-10-07T23:16:37.063-0300] {taskinstance.py:2648} INFO - Exporting env vars: AIRFLOW_CTX_DAG_OWNER='***' AIRFLOW_CTX_DAG_ID='preprocess_predict' AIRFLOW_CTX_TASK_ID='preprocess' AIRFLOW_CTX_EXECUTION_DATE='2024-10-08T02:16:35.023277+00:00' AIRFLOW_CTX_TRY_NUMBER='1' AIRFLOW_CTX_DAG_RUN_ID='manual__2024-10-08T02:16:35.023277+00:00'
[2024-10-07T23:16:37.065-0300] {taskinstance.py:430} INFO - ::endgroup::
[2024-10-07T23:16:37.068-0300] {process_utils.py:183} INFO - Executing cmd: /home/***/.local/bin/python -m virtualenv /tmp/venvijndpffv --python=python
[2024-10-07T23:16:37.070-0300] {process_utils.py:187} INFO - Output:
[2024-10-07T23:16:38.620-0300] {process_utils.py:191} INFO - created virtual environment CPython3.12.3.final.0-64 in 556ms
[2024-10-07T23:16:38.622-0300] {process_utils.py:191} INFO -   creator CPython3Posix(dest=/tmp/venvijndpffv, clear=False, no_vcs_ignore=False, global=False)
[2024-10-07T23:16:38.624-0300] {process_utils.py:191} INFO -   seeder FromAppData(download=False, pip=bundle, via=copy, app_data_dir=/home/***/.local/share/virtualenv)
[2024-10-07T23:16:38.625-0300] {process_utils.py:191} INFO -     added seed packages: pip==24.2
[2024-10-07T23:16:38.626-0300] {process_utils.py:191} INFO -   activators BashActivator,CShellActivator,FishActivator,NushellActivator,PowerShellActivator,PythonActivator
[2024-10-07T23:16:38.678-0300] {process_utils.py:183} INFO - Executing cmd: /tmp/venvijndpffv/bin/pip install -r /tmp/venvijndpffv/requirements.txt
[2024-10-07T23:16:38.680-0300] {process_utils.py:187} INFO - Output:
[2024-10-07T23:16:41.673-0300] {process_utils.py:191} INFO - Collecting joblib (from -r /tmp/venvijndpffv/requirements.txt (line 1))
[2024-10-07T23:16:41.678-0300] {process_utils.py:191} INFO -   Using cached joblib-1.4.2-py3-none-any.whl.metadata (5.4 kB)
[2024-10-07T23:16:42.114-0300] {process_utils.py:191} INFO - Collecting numpy (from -r /tmp/venvijndpffv/requirements.txt (line 2))
[2024-10-07T23:16:42.118-0300] {process_utils.py:191} INFO -   Using cached numpy-2.1.2-cp312-cp312-manylinux_2_17_x86_64.manylinux2014_x86_64.whl.metadata (60 kB)
[2024-10-07T23:16:42.404-0300] {process_utils.py:191} INFO - Collecting pandas (from -r /tmp/venvijndpffv/requirements.txt (line 3))
[2024-10-07T23:16:42.407-0300] {process_utils.py:191} INFO -   Using cached pandas-2.2.3-cp312-cp312-manylinux_2_17_x86_64.manylinux2014_x86_64.whl.metadata (89 kB)
[2024-10-07T23:16:42.614-0300] {process_utils.py:191} INFO - Collecting scikit-learn (from -r /tmp/venvijndpffv/requirements.txt (line 4))
[2024-10-07T23:16:42.629-0300] {process_utils.py:191} INFO -   Using cached scikit_learn-1.5.2-cp312-cp312-manylinux_2_17_x86_64.manylinux2014_x86_64.whl.metadata (13 kB)
[2024-10-07T23:16:42.681-0300] {process_utils.py:191} INFO - Collecting python-dateutil>=2.8.2 (from pandas->-r /tmp/venvijndpffv/requirements.txt (line 3))
[2024-10-07T23:16:42.684-0300] {process_utils.py:191} INFO -   Using cached python_dateutil-2.9.0.post0-py2.py3-none-any.whl.metadata (8.4 kB)
[2024-10-07T23:16:42.777-0300] {process_utils.py:191} INFO - Collecting pytz>=2020.1 (from pandas->-r /tmp/venvijndpffv/requirements.txt (line 3))
[2024-10-07T23:16:42.780-0300] {process_utils.py:191} INFO -   Using cached pytz-2024.2-py2.py3-none-any.whl.metadata (22 kB)
[2024-10-07T23:16:42.820-0300] {process_utils.py:191} INFO - Collecting tzdata>=2022.7 (from pandas->-r /tmp/venvijndpffv/requirements.txt (line 3))
[2024-10-07T23:16:42.824-0300] {process_utils.py:191} INFO -   Using cached tzdata-2024.2-py2.py3-none-any.whl.metadata (1.4 kB)
[2024-10-07T23:16:43.015-0300] {process_utils.py:191} INFO - Collecting scipy>=1.6.0 (from scikit-learn->-r /tmp/venvijndpffv/requirements.txt (line 4))
[2024-10-07T23:16:43.017-0300] {process_utils.py:191} INFO -   Using cached scipy-1.14.1-cp312-cp312-manylinux_2_17_x86_64.manylinux2014_x86_64.whl.metadata (60 kB)
[2024-10-07T23:16:43.064-0300] {process_utils.py:191} INFO - Collecting threadpoolctl>=3.1.0 (from scikit-learn->-r /tmp/venvijndpffv/requirements.txt (line 4))
[2024-10-07T23:16:43.066-0300] {process_utils.py:191} INFO -   Using cached threadpoolctl-3.5.0-py3-none-any.whl.metadata (13 kB)
[2024-10-07T23:16:43.098-0300] {process_utils.py:191} INFO - Collecting six>=1.5 (from python-dateutil>=2.8.2->pandas->-r /tmp/venvijndpffv/requirements.txt (line 3))
[2024-10-07T23:16:43.099-0300] {process_utils.py:191} INFO -   Using cached six-1.16.0-py2.py3-none-any.whl.metadata (1.8 kB)
[2024-10-07T23:16:43.114-0300] {process_utils.py:191} INFO - Using cached joblib-1.4.2-py3-none-any.whl (301 kB)
[2024-10-07T23:16:43.119-0300] {process_utils.py:191} INFO - Using cached numpy-2.1.2-cp312-cp312-manylinux_2_17_x86_64.manylinux2014_x86_64.whl (16.0 MB)
[2024-10-07T23:16:43.154-0300] {process_utils.py:191} INFO - Using cached pandas-2.2.3-cp312-cp312-manylinux_2_17_x86_64.manylinux2014_x86_64.whl (12.7 MB)
[2024-10-07T23:16:43.181-0300] {process_utils.py:191} INFO - Using cached scikit_learn-1.5.2-cp312-cp312-manylinux_2_17_x86_64.manylinux2014_x86_64.whl (12.9 MB)
[2024-10-07T23:16:43.215-0300] {process_utils.py:191} INFO - Using cached python_dateutil-2.9.0.post0-py2.py3-none-any.whl (229 kB)
[2024-10-07T23:16:43.217-0300] {process_utils.py:191} INFO - Using cached pytz-2024.2-py2.py3-none-any.whl (508 kB)
[2024-10-07T23:16:43.219-0300] {process_utils.py:191} INFO - Using cached scipy-1.14.1-cp312-cp312-manylinux_2_17_x86_64.manylinux2014_x86_64.whl (40.8 MB)
[2024-10-07T23:16:43.331-0300] {process_utils.py:191} INFO - Using cached threadpoolctl-3.5.0-py3-none-any.whl (18 kB)
[2024-10-07T23:16:43.333-0300] {process_utils.py:191} INFO - Using cached tzdata-2024.2-py2.py3-none-any.whl (346 kB)
[2024-10-07T23:16:43.336-0300] {process_utils.py:191} INFO - Using cached six-1.16.0-py2.py3-none-any.whl (11 kB)
[2024-10-07T23:16:43.553-0300] {process_utils.py:191} INFO - Installing collected packages: pytz, tzdata, threadpoolctl, six, numpy, joblib, scipy, python-dateutil, scikit-learn, pandas
[2024-10-07T23:16:59.522-0300] {process_utils.py:191} INFO - Successfully installed joblib-1.4.2 numpy-2.1.2 pandas-2.2.3 python-dateutil-2.9.0.post0 pytz-2024.2 scikit-learn-1.5.2 scipy-1.14.1 six-1.16.0 threadpoolctl-3.5.0 tzdata-2024.2
[2024-10-07T23:16:59.928-0300] {process_utils.py:183} INFO - Executing cmd: /tmp/venvijndpffv/bin/python /tmp/venv-callg2log98j/script.py /tmp/venv-callg2log98j/script.in /tmp/venv-callg2log98j/script.out /tmp/venv-callg2log98j/string_args.txt /tmp/venv-callg2log98j/termination.log
[2024-10-07T23:16:59.929-0300] {process_utils.py:187} INFO - Output:
[2024-10-07T23:17:00.008-0300] {process_utils.py:191} INFO - Traceback (most recent call last):
[2024-10-07T23:17:00.009-0300] {process_utils.py:191} INFO -   File "/tmp/venv-callg2log98j/script.py", line 64, in <module>
[2024-10-07T23:17:00.011-0300] {process_utils.py:191} INFO -     res = task_preprocess(*arg_dict["args"], **arg_dict["kwargs"])
[2024-10-07T23:17:00.012-0300] {process_utils.py:191} INFO -           ^^^^^^^^^^^^^^^^^^^^^^^^^^^^^^^^^^^^^^^^^^^^^^^^^^^^^^^^
[2024-10-07T23:17:00.013-0300] {process_utils.py:191} INFO - TypeError: task_preprocess() missing 1 required positional argument: 'ti'
[2024-10-07T23:17:00.303-0300] {taskinstance.py:441} INFO - ::group::Post task execution logs
[2024-10-07T23:17:00.314-0300] {taskinstance.py:2905} ERROR - Task failed with exception
Traceback (most recent call last):
  File "/home/airflow/.local/lib/python3.12/site-packages/airflow/models/taskinstance.py", line 465, in _execute_task
    result = _execute_callable(context=context, **execute_callable_kwargs)
             ^^^^^^^^^^^^^^^^^^^^^^^^^^^^^^^^^^^^^^^^^^^^^^^^^^^^^^^^^^^^^
  File "/home/airflow/.local/lib/python3.12/site-packages/airflow/models/taskinstance.py", line 432, in _execute_callable
    return execute_callable(context=context, **execute_callable_kwargs)
           ^^^^^^^^^^^^^^^^^^^^^^^^^^^^^^^^^^^^^^^^^^^^^^^^^^^^^^^^^^^^
  File "/home/airflow/.local/lib/python3.12/site-packages/airflow/models/baseoperator.py", line 400, in wrapper
    return func(self, *args, **kwargs)
           ^^^^^^^^^^^^^^^^^^^^^^^^^^^
  File "/home/airflow/.local/lib/python3.12/site-packages/airflow/decorators/base.py", line 265, in execute
    return_value = super().execute(context)
                   ^^^^^^^^^^^^^^^^^^^^^^^^
  File "/home/airflow/.local/lib/python3.12/site-packages/airflow/models/baseoperator.py", line 400, in wrapper
    return func(self, *args, **kwargs)
           ^^^^^^^^^^^^^^^^^^^^^^^^^^^
  File "/home/airflow/.local/lib/python3.12/site-packages/airflow/operators/python.py", line 437, in execute
    return super().execute(context=serializable_context)
           ^^^^^^^^^^^^^^^^^^^^^^^^^^^^^^^^^^^^^^^^^^^^^
  File "/home/airflow/.local/lib/python3.12/site-packages/airflow/models/baseoperator.py", line 400, in wrapper
    return func(self, *args, **kwargs)
           ^^^^^^^^^^^^^^^^^^^^^^^^^^^
  File "/home/airflow/.local/lib/python3.12/site-packages/airflow/operators/python.py", line 235, in execute
    return_value = self.execute_callable()
                   ^^^^^^^^^^^^^^^^^^^^^^^
  File "/home/airflow/.local/lib/python3.12/site-packages/airflow/operators/python.py", line 759, in execute_callable
    result = self._execute_python_callable_in_subprocess(python_path)
             ^^^^^^^^^^^^^^^^^^^^^^^^^^^^^^^^^^^^^^^^^^^^^^^^^^^^^^^^
  File "/home/airflow/.local/lib/python3.12/site-packages/airflow/operators/python.py", line 514, in _execute_python_callable_in_subprocess
    raise AirflowException(error_msg) from None
airflow.exceptions.AirflowException: Process returned non-zero exit status 1.
task_preprocess() missing 1 required positional argument: 'ti'
[2024-10-07T23:17:00.331-0300] {taskinstance.py:1206} INFO - Marking task as FAILED. dag_id=preprocess_predict, task_id=preprocess, run_id=manual__2024-10-08T02:16:35.023277+00:00, execution_date=20241008T021635, start_date=20241008T021636, end_date=20241008T021700
[2024-10-07T23:17:00.350-0300] {standard_task_runner.py:110} ERROR - Failed to execute job 82 for task preprocess (Process returned non-zero exit status 1.
task_preprocess() missing 1 required positional argument: 'ti'; 3681)
[2024-10-07T23:17:00.370-0300] {local_task_job_runner.py:240} INFO - Task exited with return code 1
[2024-10-07T23:17:00.396-0300] {taskinstance.py:3498} INFO - 0 downstream tasks scheduled from follow-on schedule check
[2024-10-07T23:17:00.400-0300] {local_task_job_runner.py:222} INFO - ::endgroup::
