[2024-10-07T23:24:50.187-0300] {local_task_job_runner.py:120} INFO - ::group::Pre task execution logs
[2024-10-07T23:24:50.236-0300] {taskinstance.py:2076} INFO - Dependencies all met for dep_context=non-requeueable deps ti=<TaskInstance: preprocess_predict.preprocess manual__2024-10-08T02:24:48.587201+00:00 [queued]>
[2024-10-07T23:24:50.257-0300] {taskinstance.py:2076} INFO - Dependencies all met for dep_context=requeueable deps ti=<TaskInstance: preprocess_predict.preprocess manual__2024-10-08T02:24:48.587201+00:00 [queued]>
[2024-10-07T23:24:50.258-0300] {taskinstance.py:2306} INFO - Starting attempt 1 of 1
[2024-10-07T23:24:50.292-0300] {taskinstance.py:2330} INFO - Executing <Task(_PythonVirtualenvDecoratedOperator): preprocess> on 2024-10-08 02:24:48.587201+00:00
[2024-10-07T23:24:50.305-0300] {warnings.py:110} WARNING - /home/***/.local/lib/python3.12/site-packages/***/task/task_runner/standard_task_runner.py:61: DeprecationWarning: This process (pid=4005) is multi-threaded, use of fork() may lead to deadlocks in the child.
  pid = os.fork()

[2024-10-07T23:24:50.307-0300] {standard_task_runner.py:63} INFO - Started process 4006 to run task
[2024-10-07T23:24:50.307-0300] {standard_task_runner.py:90} INFO - Running: ['***', 'tasks', 'run', 'preprocess_predict', 'preprocess', 'manual__2024-10-08T02:24:48.587201+00:00', '--job-id', '89', '--raw', '--subdir', 'DAGS_FOLDER/Predict/preprocess_predict.py', '--cfg-path', '/tmp/tmps6h6p4ou']
[2024-10-07T23:24:50.310-0300] {standard_task_runner.py:91} INFO - Job 89: Subtask preprocess
[2024-10-07T23:24:50.397-0300] {task_command.py:426} INFO - Running <TaskInstance: preprocess_predict.preprocess manual__2024-10-08T02:24:48.587201+00:00 [running]> on host 4a07270c49a4
[2024-10-07T23:24:50.586-0300] {taskinstance.py:2648} INFO - Exporting env vars: AIRFLOW_CTX_DAG_OWNER='***' AIRFLOW_CTX_DAG_ID='preprocess_predict' AIRFLOW_CTX_TASK_ID='preprocess' AIRFLOW_CTX_EXECUTION_DATE='2024-10-08T02:24:48.587201+00:00' AIRFLOW_CTX_TRY_NUMBER='1' AIRFLOW_CTX_DAG_RUN_ID='manual__2024-10-08T02:24:48.587201+00:00'
[2024-10-07T23:24:50.588-0300] {taskinstance.py:430} INFO - ::endgroup::
[2024-10-07T23:24:50.590-0300] {process_utils.py:183} INFO - Executing cmd: /home/***/.local/bin/python -m virtualenv /tmp/venvdirkpsi5 --python=python
[2024-10-07T23:24:50.592-0300] {process_utils.py:187} INFO - Output:
[2024-10-07T23:24:51.913-0300] {process_utils.py:191} INFO - created virtual environment CPython3.12.3.final.0-64 in 427ms
[2024-10-07T23:24:51.914-0300] {process_utils.py:191} INFO -   creator CPython3Posix(dest=/tmp/venvdirkpsi5, clear=False, no_vcs_ignore=False, global=False)
[2024-10-07T23:24:51.916-0300] {process_utils.py:191} INFO -   seeder FromAppData(download=False, pip=bundle, via=copy, app_data_dir=/home/***/.local/share/virtualenv)
[2024-10-07T23:24:51.918-0300] {process_utils.py:191} INFO -     added seed packages: pip==24.2
[2024-10-07T23:24:51.919-0300] {process_utils.py:191} INFO -   activators BashActivator,CShellActivator,FishActivator,NushellActivator,PowerShellActivator,PythonActivator
[2024-10-07T23:24:51.967-0300] {process_utils.py:183} INFO - Executing cmd: /tmp/venvdirkpsi5/bin/pip install -r /tmp/venvdirkpsi5/requirements.txt
[2024-10-07T23:24:51.969-0300] {process_utils.py:187} INFO - Output:
[2024-10-07T23:24:53.944-0300] {process_utils.py:191} INFO - Collecting joblib (from -r /tmp/venvdirkpsi5/requirements.txt (line 1))
[2024-10-07T23:24:53.946-0300] {process_utils.py:191} INFO -   Using cached joblib-1.4.2-py3-none-any.whl.metadata (5.4 kB)
[2024-10-07T23:24:54.184-0300] {process_utils.py:191} INFO - Collecting numpy (from -r /tmp/venvdirkpsi5/requirements.txt (line 2))
[2024-10-07T23:24:54.186-0300] {process_utils.py:191} INFO -   Using cached numpy-2.1.2-cp312-cp312-manylinux_2_17_x86_64.manylinux2014_x86_64.whl.metadata (60 kB)
[2024-10-07T23:24:54.392-0300] {process_utils.py:191} INFO - Collecting pandas (from -r /tmp/venvdirkpsi5/requirements.txt (line 3))
[2024-10-07T23:24:54.394-0300] {process_utils.py:191} INFO -   Using cached pandas-2.2.3-cp312-cp312-manylinux_2_17_x86_64.manylinux2014_x86_64.whl.metadata (89 kB)
[2024-10-07T23:24:54.705-0300] {process_utils.py:191} INFO - ERROR: Ignored the following versions that require a different python version: 1.21.2 Requires-Python >=3.7,<3.11; 1.21.3 Requires-Python >=3.7,<3.11; 1.21.4 Requires-Python >=3.7,<3.11; 1.21.5 Requires-Python >=3.7,<3.11; 1.21.6 Requires-Python >=3.7,<3.11
[2024-10-07T23:24:54.706-0300] {process_utils.py:191} INFO - ERROR: Could not find a version that satisfies the requirement pickle (from versions: none)
[2024-10-07T23:24:54.912-0300] {process_utils.py:191} INFO - ERROR: No matching distribution found for pickle
[2024-10-07T23:24:55.100-0300] {taskinstance.py:441} INFO - ::group::Post task execution logs
[2024-10-07T23:24:55.101-0300] {taskinstance.py:2905} ERROR - Task failed with exception
Traceback (most recent call last):
  File "/home/airflow/.local/lib/python3.12/site-packages/airflow/models/taskinstance.py", line 465, in _execute_task
    result = _execute_callable(context=context, **execute_callable_kwargs)
             ^^^^^^^^^^^^^^^^^^^^^^^^^^^^^^^^^^^^^^^^^^^^^^^^^^^^^^^^^^^^^
  File "/home/airflow/.local/lib/python3.12/site-packages/airflow/models/taskinstance.py", line 432, in _execute_callable
    return execute_callable(context=context, **execute_callable_kwargs)
           ^^^^^^^^^^^^^^^^^^^^^^^^^^^^^^^^^^^^^^^^^^^^^^^^^^^^^^^^^^^^
  File "/home/airflow/.local/lib/python3.12/site-packages/airflow/models/baseoperator.py", line 400, in wrapper
    return func(self, *args, **kwargs)
           ^^^^^^^^^^^^^^^^^^^^^^^^^^^
  File "/home/airflow/.local/lib/python3.12/site-packages/airflow/decorators/base.py", line 265, in execute
    return_value = super().execute(context)
                   ^^^^^^^^^^^^^^^^^^^^^^^^
  File "/home/airflow/.local/lib/python3.12/site-packages/airflow/models/baseoperator.py", line 400, in wrapper
    return func(self, *args, **kwargs)
           ^^^^^^^^^^^^^^^^^^^^^^^^^^^
  File "/home/airflow/.local/lib/python3.12/site-packages/airflow/operators/python.py", line 437, in execute
    return super().execute(context=serializable_context)
           ^^^^^^^^^^^^^^^^^^^^^^^^^^^^^^^^^^^^^^^^^^^^^
  File "/home/airflow/.local/lib/python3.12/site-packages/airflow/models/baseoperator.py", line 400, in wrapper
    return func(self, *args, **kwargs)
           ^^^^^^^^^^^^^^^^^^^^^^^^^^^
  File "/home/airflow/.local/lib/python3.12/site-packages/airflow/operators/python.py", line 235, in execute
    return_value = self.execute_callable()
                   ^^^^^^^^^^^^^^^^^^^^^^^
  File "/home/airflow/.local/lib/python3.12/site-packages/airflow/operators/python.py", line 757, in execute_callable
    self._prepare_venv(tmp_path)
  File "/home/airflow/.local/lib/python3.12/site-packages/airflow/operators/python.py", line 669, in _prepare_venv
    prepare_virtualenv(
  File "/home/airflow/.local/lib/python3.12/site-packages/airflow/utils/python_virtualenv.py", line 119, in prepare_virtualenv
    execute_in_subprocess(pip_cmd)
  File "/home/airflow/.local/lib/python3.12/site-packages/airflow/utils/process_utils.py", line 172, in execute_in_subprocess
    execute_in_subprocess_with_kwargs(cmd, cwd=cwd)
  File "/home/airflow/.local/lib/python3.12/site-packages/airflow/utils/process_utils.py", line 195, in execute_in_subprocess_with_kwargs
    raise subprocess.CalledProcessError(exit_code, cmd)
subprocess.CalledProcessError: Command '['/tmp/venvdirkpsi5/bin/pip', 'install', '-r', '/tmp/venvdirkpsi5/requirements.txt']' returned non-zero exit status 1.
[2024-10-07T23:24:55.111-0300] {taskinstance.py:1206} INFO - Marking task as FAILED. dag_id=preprocess_predict, task_id=preprocess, run_id=manual__2024-10-08T02:24:48.587201+00:00, execution_date=20241008T022448, start_date=20241008T022450, end_date=20241008T022455
[2024-10-07T23:24:55.140-0300] {standard_task_runner.py:110} ERROR - Failed to execute job 89 for task preprocess (Command '['/tmp/venvdirkpsi5/bin/pip', 'install', '-r', '/tmp/venvdirkpsi5/requirements.txt']' returned non-zero exit status 1.; 4006)
[2024-10-07T23:24:55.188-0300] {local_task_job_runner.py:240} INFO - Task exited with return code 1
[2024-10-07T23:24:55.218-0300] {taskinstance.py:3498} INFO - 0 downstream tasks scheduled from follow-on schedule check
[2024-10-07T23:24:55.227-0300] {local_task_job_runner.py:222} INFO - ::endgroup::
